Removed Pin From Net: NetName=3V3 Pin=3.3V-1
Removed Pin From Net: NetName=3V3 Pin=3.3V-1
Removed Pin From Net: NetName=GND Pin=3.3V-2
Removed Pin From Net: NetName=GND Pin=3.3V-2
Removed Pin From Net: NetName=5V Pin=3.3V-3
Removed Pin From Net: NetName=5V Pin=5V-1
Removed Pin From Net: NetName=5V Pin=5V-1
Removed Pin From Net: NetName=GND Pin=5V-2
Removed Pin From Net: NetName=GND Pin=5V-2
Removed Pin From Net: NetName=5V Pin=5V-3
Removed Pin From Net: NetName=5V Pin=10VDC-1
Removed Pin From Net: NetName=5V Pin=10VDC-1
Removed Pin From Net: NetName=GND Pin=10VDC-2
Removed Pin From Net: NetName=GND Pin=10VDC-2
Removed Pin From Net: NetName=5V Pin=C12-1
Removed Pin From Net: NetName=5V Pin=C16-2
Removed Pin From Net: NetName=5V Pin=C17-2
Removed Pin From Net: NetName=5V Pin=C18-2
Removed Pin From Net: NetName=5V Pin=C19-2
Removed Pin From Net: NetName=5V Pin=IC7-4
Removed Pin From Net: NetName=5V Pin=J4-5
Removed Pin From Net: NetName=5V Pin=J4-6
Removed Pin From Net: NetName=5V Pin=R13-2
Added Pin To Net: NetName=10VDC Pin=3.3V-3
Added Pin To Net: NetName=10VDC Pin=5V-3
Added Pin To Net: NetName=10VDC Pin=C12-1
Added Pin To Net: NetName=10VDC Pin=C16-2
Added Pin To Net: NetName=10VDC Pin=C17-2
Added Pin To Net: NetName=10VDC Pin=C18-2
Added Pin To Net: NetName=10VDC Pin=C19-2
Added Pin To Net: NetName=10VDC Pin=IC7-4
Added Pin To Net: NetName=10VDC Pin=J4-5
Added Pin To Net: NetName=10VDC Pin=J4-6
Added Pin To Net: NetName=10VDC Pin=R13-2
Added Net: Name=10VDC
Added Member To Class: ClassName=edl_final Member=Component 3.3V NCP1117ST15T3G
Added Member To Class: ClassName=edl_final Member=Component 3.3V Colour
Added Member To Class: ClassName=edl_final Member=Component 5V 5v
Added Member To Class: ClassName=edl_final Member=Component 5V Colour
