Added Component: Designator=IC1(Atmel VQFN-20 3x3mm 20M2)
Add component. Clean all parameters for all variants
Add component (AddParameter): Name = "ComponentLink1Description"; Value = "Datasheet"; VariantName = "[No Variations]"
Add component (AddParameter): Name = "ComponentLink1URL"; Value = "http://www.atmel.com/Images/8183s.pdf"; VariantName = "[No Variations]"
Add component (AddParameter): Name = "ComponentLink2Description"; Value = "Digi-Key Listing"; VariantName = "[No Variations]"
Add component (AddParameter): Name = "ComponentLink2URL"; Value = "https://www.digikey.com/product-detail/en/ATTINY84A-MMH/ATTINY84A-MMH-ND/3046449"; VariantName = "[No Variations]"
Add component (AddParameter): Name = "Core Processor"; Value = "AVR"; VariantName = "[No Variations]"
Add component (AddParameter): Name = "Core Size"; Value = "8-Bit"; VariantName = "[No Variations]"
Add component (AddParameter): Name = "Data Converters"; Value = "A/D 8x10b"; VariantName = "[No Variations]"
Add component (AddParameter): Name = "Device Package"; Value = "20-VFQFN Exposed Pad"; VariantName = "[No Variations]"
Add component (AddParameter): Name = "EEPROM Size"; Value = "512 x 8"; VariantName = "[No Variations]"
Add component (AddParameter): Name = "Manufacturer"; Value = "Atmel"; VariantName = "[No Variations]"
Add component (AddParameter): Name = "Number Of IO"; Value = "12"; VariantName = "[No Variations]"
Add component (AddParameter): Name = "Oscillator Type"; Value = "Internal"; VariantName = "[No Variations]"
Add component (AddParameter): Name = "PartId"; Value = "9189"; VariantName = "[No Variations]"
Add component (AddParameter): Name = "Part Number"; Value = "ATTINY84A-MMH"; VariantName = "[No Variations]"
Add component (AddParameter): Name = "Price"; Value = "1.87"; VariantName = "[No Variations]"
Add component (AddParameter): Name = "Program Memory Size"; Value = "8KB (4K x 16)"; VariantName = "[No Variations]"
Add component (AddParameter): Name = "Program Memory Type"; Value = "FLASH"; VariantName = "[No Variations]"
Add component (AddParameter): Name = "Ram Size"; Value = "512 x 8"; VariantName = "[No Variations]"
Add component (AddParameter): Name = "Series"; Value = "AVR® ATtiny"; VariantName = "[No Variations]"
Add component (AddParameter): Name = "Speed"; Value = "20MHz"; VariantName = "[No Variations]"
Add component (AddParameter): Name = "Supplier 1"; Value = "Digi-Key"; VariantName = "[No Variations]"
Add component (AddParameter): Name = "Supplier Part Number 1"; Value = "ATTINY84A-MMH-ND"; VariantName = "[No Variations]"
Added Member To Class: ClassName=edl_final Member=Component IC1 ATTINY84A-MMH
